# JRE version: OpenJDK Runtime Environment (8.0_151-b12) (build 1.8.0_151-8u151-b12-0ubuntu0.16.04.2-b12)
# Java VM: OpenJDK 64-Bit Server VM (25.151-b12 mixed mode linux-amd64 compressed oops)
Heap:
 PSYoungGen      total 34816K, used 0K [0x00000000f5900000, 0x00000000f9380000, 0x0000000100000000)
  eden space 32768K, 0% used [0x00000000f5900000,0x00000000f5900000,0x00000000f7900000)
  from space 2048K, 0% used [0x00000000f7900000,0x00000000f7900000,0x00000000f7b00000)
  to   space 2048K, 0% used [0x00000000f9180000,0x00000000f9180000,0x00000000f9380000)
 ParOldGen       total 166912K, used 122772K [0x00000000e0a00000, 0x00000000ead00000, 0x00000000f5900000)
  object space 166912K, 73% used [0x00000000e0a00000,0x00000000e81e50b8,0x00000000ead00000)
 Metaspace       used 2724K, capacity 4566K, committed 4864K, reserved 1056768K
  class space    used 287K, capacity 390K, committed 512K, reserved 1048576K
GC Heap History (10 events):
Event: 0.796 GC heap before
{Heap before GC invocations=5 (full 1):
 PSYoungGen      total 18432K, used 17408K [0x00000000f5900000, 0x00000000f7d00000, 0x0000000100000000)
  eden space 17408K, 100% used [0x00000000f5900000,0x00000000f6a00000,0x00000000f6a00000)
  from space 1024K, 0% used [0x00000000f6a00000,0x00000000f6a00000,0x00000000f6b00000)
  to   space 1024K, 0% used [0x00000000f7c00000,0x00000000f7c00000,0x00000000f7d00000)
 ParOldGen       total 193536K, used 172347K [0x00000000e0a00000, 0x00000000ec700000, 0x00000000f5900000)
  object space 193536K, 89% used [0x00000000e0a00000,0x00000000eb24efc8,0x00000000ec700000)
 Metaspace       used 2724K, capacity 4566K, committed 4864K, reserved 1056768K
  class space    used 287K, capacity 390K, committed 512K, reserved 1048576K
Event: 0.825 GC heap after
Heap after GC invocations=5 (full 1):
 PSYoungGen      total 22528K, used 0K [0x00000000f5900000, 0x00000000f7c80000, 0x0000000100000000)
  eden space 22016K, 0% used [0x00000000f5900000,0x00000000f5900000,0x00000000f6e80000)
  from space 512K, 0% used [0x00000000f7c00000,0x00000000f7c00000,0x00000000f7c80000)
  to   space 1024K, 0% used [0x00000000f7a80000,0x00000000f7a80000,0x00000000f7b80000)
 ParOldGen       total 193536K, used 172347K [0x00000000e0a00000, 0x00000000ec700000, 0x00000000f5900000)
  object space 193536K, 89% used [0x00000000e0a00000,0x00000000eb24efc8,0x00000000ec700000)
 Metaspace       used 2724K, capacity 4566K, committed 4864K, reserved 1056768K
  class space    used 287K, capacity 390K, committed 512K, reserved 1048576K
}
Event: 1.575 GC heap before
{Heap before GC invocations=6 (full 1):
 PSYoungGen      total 22528K, used 22016K [0x00000000f5900000, 0x00000000f7c80000, 0x0000000100000000)
  eden space 22016K, 100% used [0x00000000f5900000,0x00000000f6e80000,0x00000000f6e80000)
  from space 512K, 0% used [0x00000000f7c00000,0x00000000f7c00000,0x00000000f7c80000)
  to   space 1024K, 0% used [0x00000000f7a80000,0x00000000f7a80000,0x00000000f7b80000)
 ParOldGen       total 315392K, used 294033K [0x00000000e0a00000, 0x00000000f3e00000, 0x00000000f5900000)
  object space 315392K, 93% used [0x00000000e0a00000,0x00000000f2924768,0x00000000f3e00000)
 Metaspace       used 2724K, capacity 4566K, committed 4864K, reserved 1056768K
  class space    used 287K, capacity 390K, committed 512K, reserved 1048576K
Event: 1.661 GC heap after
Heap after GC invocations=6 (full 1):
 PSYoungGen      total 29184K, used 0K [0x00000000f5900000, 0x00000000f7c80000, 0x0000000100000000)
  eden space 28672K, 0% used [0x00000000f5900000,0x00000000f5900000,0x00000000f7500000)
  from space 512K, 0% used [0x00000000f7a80000,0x00000000f7a80000,0x00000000f7b00000)
  to   space 1536K, 0% used [0x00000000f7b00000,0x00000000f7b00000,0x00000000f7c80000)
 ParOldGen       total 315392K, used 294033K [0x00000000e0a00000, 0x00000000f3e00000, 0x00000000f5900000)
  object space 315392K, 93% used [0x00000000e0a00000,0x00000000f2924768,0x00000000f3e00000)
 Metaspace       used 2724K, capacity 4566K, committed 4864K, reserved 1056768K
  class space    used 287K, capacity 390K, committed 512K, reserved 1048576K
}
Event: 2.008 GC heap before
{Heap before GC invocations=7 (full 1):
 PSYoungGen      total 29184K, used 5709K [0x00000000f5900000, 0x00000000f7c80000, 0x0000000100000000)
  eden space 28672K, 19% used [0x00000000f5900000,0x00000000f5e935f0,0x00000000f7500000)
  from space 512K, 0% used [0x00000000f7a80000,0x00000000f7a80000,0x00000000f7b00000)
  to   space 1536K, 0% used [0x00000000f7b00000,0x00000000f7b00000,0x00000000f7c80000)
 ParOldGen       total 343040K, used 294033K [0x00000000e0a00000, 0x00000000f5900000, 0x00000000f5900000)
  object space 343040K, 85% used [0x00000000e0a00000,0x00000000f2924768,0x00000000f5900000)
 Metaspace       used 2724K, capacity 4566K, committed 4864K, reserved 1056768K
  class space    used 287K, capacity 390K, committed 512K, reserved 1048576K
Event: 2.157 GC heap after
Heap after GC invocations=7 (full 1):
 PSYoungGen      total 34304K, used 32K [0x00000000f5900000, 0x00000000f8600000, 0x0000000100000000)
  eden space 32768K, 0% used [0x00000000f5900000,0x00000000f5900000,0x00000000f7900000)
  from space 1536K, 2% used [0x00000000f7b00000,0x00000000f7b08000,0x00000000f7c80000)
  to   space 2048K, 0% used [0x00000000f7900000,0x00000000f7900000,0x00000000f7b00000)
 ParOldGen       total 343040K, used 294033K [0x00000000e0a00000, 0x00000000f5900000, 0x00000000f5900000)
  object space 343040K, 85% used [0x00000000e0a00000,0x00000000f2924768,0x00000000f5900000)
 Metaspace       used 2724K, capacity 4566K, committed 4864K, reserved 1056768K
  class space    used 287K, capacity 390K, committed 512K, reserved 1048576K
}
Event: 2.158 GC heap before
{Heap before GC invocations=8 (full 1):
 PSYoungGen      total 34304K, used 32K [0x00000000f5900000, 0x00000000f8600000, 0x0000000100000000)
  eden space 32768K, 0% used [0x00000000f5900000,0x00000000f5900000,0x00000000f7900000)
  from space 1536K, 2% used [0x00000000f7b00000,0x00000000f7b08000,0x00000000f7c80000)
  to   space 2048K, 0% used [0x00000000f7900000,0x00000000f7900000,0x00000000f7b00000)
 ParOldGen       total 343040K, used 294033K [0x00000000e0a00000, 0x00000000f5900000, 0x00000000f5900000)
  object space 343040K, 85% used [0x00000000e0a00000,0x00000000f2924768,0x00000000f5900000)
 Metaspace       used 2724K, capacity 4566K, committed 4864K, reserved 1056768K
  class space    used 287K, capacity 390K, committed 512K, reserved 1048576K
Event: 2.275 GC heap after
Heap after GC invocations=8 (full 1):
 PSYoungGen      total 34816K, used 32K [0x00000000f5900000, 0x00000000f9380000, 0x0000000100000000)
  eden space 32768K, 0% used [0x00000000f5900000,0x00000000f5900000,0x00000000f7900000)
  from space 2048K, 1% used [0x00000000f7900000,0x00000000f7908000,0x00000000f7b00000)
  to   space 2048K, 0% used [0x00000000f9180000,0x00000000f9180000,0x00000000f9380000)
 ParOldGen       total 343040K, used 294033K [0x00000000e0a00000, 0x00000000f5900000, 0x00000000f5900000)
  object space 343040K, 85% used [0x00000000e0a00000,0x00000000f2924768,0x00000000f5900000)
 Metaspace       used 2724K, capacity 4566K, committed 4864K, reserved 1056768K
  class space    used 287K, capacity 390K, committed 512K, reserved 1048576K
}
Event: 2.276 GC heap before
{Heap before GC invocations=9 (full 2):
 PSYoungGen      total 34816K, used 32K [0x00000000f5900000, 0x00000000f9380000, 0x0000000100000000)
  eden space 32768K, 0% used [0x00000000f5900000,0x00000000f5900000,0x00000000f7900000)
  from space 2048K, 1% used [0x00000000f7900000,0x00000000f7908000,0x00000000f7b00000)
  to   space 2048K, 0% used [0x00000000f9180000,0x00000000f9180000,0x00000000f9380000)
 ParOldGen       total 343040K, used 294033K [0x00000000e0a00000, 0x00000000f5900000, 0x00000000f5900000)
  object space 343040K, 85% used [0x00000000e0a00000,0x00000000f2924768,0x00000000f5900000)
 Metaspace       used 2724K, capacity 4566K, committed 4864K, reserved 1056768K
  class space    used 287K, capacity 390K, committed 512K, reserved 1048576K
Event: 3.156 GC heap after
Heap after GC invocations=9 (full 2):
 PSYoungGen      total 34816K, used 0K [0x00000000f5900000, 0x00000000f9380000, 0x0000000100000000)
  eden space 32768K, 0% used [0x00000000f5900000,0x00000000f5900000,0x00000000f7900000)
  from space 2048K, 0% used [0x00000000f7900000,0x00000000f7900000,0x00000000f7b00000)
  to   space 2048K, 0% used [0x00000000f9180000,0x00000000f9180000,0x00000000f9380000)
 ParOldGen       total 166912K, used 122772K [0x00000000e0a00000, 0x00000000ead00000, 0x00000000f5900000)
  object space 166912K, 73% used [0x00000000e0a00000,0x00000000e81e50b8,0x00000000ead00000)
 Metaspace       used 2724K, capacity 4566K, committed 4864K, reserved 1056768K
  class space    used 287K, capacity 390K, committed 512K, reserved 1048576K
}

