# JRE version: OpenJDK Runtime Environment (8.0_151-b12) (build 1.8.0_151-8u151-b12-0ubuntu0.16.04.2-b12)
# Java VM: OpenJDK 64-Bit Server VM (25.151-b12 mixed mode linux-amd64 compressed oops)
Heap:
 PSYoungGen      total 111104K, used 35855K [0x00000000f5900000, 0x0000000100000000, 0x0000000100000000)
  eden space 54272K, 0% used [0x00000000f5900000,0x00000000f5900000,0x00000000f8e00000)
  from space 56832K, 63% used [0x00000000f8e00000,0x00000000fb103c00,0x00000000fc580000)
  to   space 56832K, 0% used [0x00000000fc880000,0x00000000fc880000,0x0000000100000000)
 ParOldGen       total 199168K, used 198776K [0x00000000e0a00000, 0x00000000ecc80000, 0x00000000f5900000)
  object space 199168K, 99% used [0x00000000e0a00000,0x00000000ecc1e2a0,0x00000000ecc80000)
 Metaspace       used 2675K, capacity 4494K, committed 4864K, reserved 1056768K
  class space    used 279K, capacity 386K, committed 512K, reserved 1048576K
GC Heap History (10 events):
Event: 0.266 GC heap after
Heap after GC invocations=10 (full 4):
 PSYoungGen      total 64512K, used 30208K [0x00000000f5900000, 0x00000000fd280000, 0x0000000100000000)
  eden space 34304K, 0% used [0x00000000f5900000,0x00000000f5900000,0x00000000f7a80000)
  from space 30208K, 100% used [0x00000000f9f00000,0x00000000fbc80000,0x00000000fbc80000)
  to   space 37376K, 0% used [0x00000000f7a80000,0x00000000f7a80000,0x00000000f9f00000)
 ParOldGen       total 134144K, used 82127K [0x00000000e0a00000, 0x00000000e8d00000, 0x00000000f5900000)
  object space 134144K, 61% used [0x00000000e0a00000,0x00000000e5a33d30,0x00000000e8d00000)
 Metaspace       used 2675K, capacity 4494K, committed 4864K, reserved 1056768K
  class space    used 279K, capacity 386K, committed 512K, reserved 1048576K
}
Event: 0.269 GC heap before
{Heap before GC invocations=11 (full 4):
 PSYoungGen      total 64512K, used 64512K [0x00000000f5900000, 0x00000000fd280000, 0x0000000100000000)
  eden space 34304K, 100% used [0x00000000f5900000,0x00000000f7a80000,0x00000000f7a80000)
  from space 30208K, 100% used [0x00000000f9f00000,0x00000000fbc80000,0x00000000fbc80000)
  to   space 37376K, 0% used [0x00000000f7a80000,0x00000000f7a80000,0x00000000f9f00000)
 ParOldGen       total 134144K, used 82127K [0x00000000e0a00000, 0x00000000e8d00000, 0x00000000f5900000)
  object space 134144K, 61% used [0x00000000e0a00000,0x00000000e5a33d30,0x00000000e8d00000)
 Metaspace       used 2675K, capacity 4494K, committed 4864K, reserved 1056768K
  class space    used 279K, capacity 386K, committed 512K, reserved 1048576K
Event: 0.287 GC heap after
Heap after GC invocations=11 (full 4):
 PSYoungGen      total 71680K, used 37376K [0x00000000f5900000, 0x00000000ffd00000, 0x0000000100000000)
  eden space 34304K, 0% used [0x00000000f5900000,0x00000000f5900000,0x00000000f7a80000)
  from space 37376K, 100% used [0x00000000f7a80000,0x00000000f9f00000,0x00000000f9f00000)
  to   space 56832K, 0% used [0x00000000fc580000,0x00000000fc580000,0x00000000ffd00000)
 ParOldGen       total 134144K, used 109735K [0x00000000e0a00000, 0x00000000e8d00000, 0x00000000f5900000)
  object space 134144K, 81% used [0x00000000e0a00000,0x00000000e7529d30,0x00000000e8d00000)
 Metaspace       used 2675K, capacity 4494K, committed 4864K, reserved 1056768K
  class space    used 279K, capacity 386K, committed 512K, reserved 1048576K
}
Event: 0.287 GC heap before
{Heap before GC invocations=12 (full 5):
 PSYoungGen      total 71680K, used 37376K [0x00000000f5900000, 0x00000000ffd00000, 0x0000000100000000)
  eden space 34304K, 0% used [0x00000000f5900000,0x00000000f5900000,0x00000000f7a80000)
  from space 37376K, 100% used [0x00000000f7a80000,0x00000000f9f00000,0x00000000f9f00000)
  to   space 56832K, 0% used [0x00000000fc580000,0x00000000fc580000,0x00000000ffd00000)
 ParOldGen       total 134144K, used 109735K [0x00000000e0a00000, 0x00000000e8d00000, 0x00000000f5900000)
  object space 134144K, 81% used [0x00000000e0a00000,0x00000000e7529d30,0x00000000e8d00000)
 Metaspace       used 2675K, capacity 4494K, committed 4864K, reserved 1056768K
  class space    used 279K, capacity 386K, committed 512K, reserved 1048576K
Event: 0.307 GC heap after
Heap after GC invocations=12 (full 5):
 PSYoungGen      total 71680K, used 12120K [0x00000000f5900000, 0x00000000ffd00000, 0x0000000100000000)
  eden space 34304K, 0% used [0x00000000f5900000,0x00000000f5900000,0x00000000f7a80000)
  from space 37376K, 32% used [0x00000000f7a80000,0x00000000f8656000,0x00000000f9f00000)
  to   space 56832K, 0% used [0x00000000fc580000,0x00000000fc580000,0x00000000ffd00000)
 ParOldGen       total 199168K, used 134051K [0x00000000e0a00000, 0x00000000ecc80000, 0x00000000f5900000)
  object space 199168K, 67% used [0x00000000e0a00000,0x00000000e8ce8dc0,0x00000000ecc80000)
 Metaspace       used 2675K, capacity 4494K, committed 4864K, reserved 1056768K
  class space    used 279K, capacity 386K, committed 512K, reserved 1048576K
}
Event: 0.311 GC heap before
{Heap before GC invocations=13 (full 5):
 PSYoungGen      total 71680K, used 46424K [0x00000000f5900000, 0x00000000ffd00000, 0x0000000100000000)
  eden space 34304K, 100% used [0x00000000f5900000,0x00000000f7a80000,0x00000000f7a80000)
  from space 37376K, 32% used [0x00000000f7a80000,0x00000000f8656000,0x00000000f9f00000)
  to   space 56832K, 0% used [0x00000000fc580000,0x00000000fc580000,0x00000000ffd00000)
 ParOldGen       total 199168K, used 134051K [0x00000000e0a00000, 0x00000000ecc80000, 0x00000000f5900000)
  object space 199168K, 67% used [0x00000000e0a00000,0x00000000e8ce8dc0,0x00000000ecc80000)
 Metaspace       used 2675K, capacity 4494K, committed 4864K, reserved 1056768K
  class space    used 279K, capacity 386K, committed 512K, reserved 1048576K
Event: 0.354 GC heap after
Heap after GC invocations=13 (full 5):
 PSYoungGen      total 111104K, used 47008K [0x00000000f5900000, 0x00000000ffd80000, 0x0000000100000000)
  eden space 54272K, 0% used [0x00000000f5900000,0x00000000f5900000,0x00000000f8e00000)
  from space 56832K, 82% used [0x00000000fc580000,0x00000000ff368000,0x00000000ffd00000)
  to   space 56832K, 0% used [0x00000000f8e00000,0x00000000f8e00000,0x00000000fc580000)
 ParOldGen       total 199168K, used 134051K [0x00000000e0a00000, 0x00000000ecc80000, 0x00000000f5900000)
  object space 199168K, 67% used [0x00000000e0a00000,0x00000000e8ce8dc0,0x00000000ecc80000)
 Metaspace       used 2675K, capacity 4494K, committed 4864K, reserved 1056768K
  class space    used 279K, capacity 386K, committed 512K, reserved 1048576K
}
Event: 0.359 GC heap before
{Heap before GC invocations=14 (full 5):
 PSYoungGen      total 111104K, used 101280K [0x00000000f5900000, 0x00000000ffd80000, 0x0000000100000000)
  eden space 54272K, 100% used [0x00000000f5900000,0x00000000f8e00000,0x00000000f8e00000)
  from space 56832K, 82% used [0x00000000fc580000,0x00000000ff368000,0x00000000ffd00000)
  to   space 56832K, 0% used [0x00000000f8e00000,0x00000000f8e00000,0x00000000fc580000)
 ParOldGen       total 199168K, used 134051K [0x00000000e0a00000, 0x00000000ecc80000, 0x00000000f5900000)
  object space 199168K, 67% used [0x00000000e0a00000,0x00000000e8ce8dc0,0x00000000ecc80000)
 Metaspace       used 2675K, capacity 4494K, committed 4864K, reserved 1056768K
  class space    used 279K, capacity 386K, committed 512K, reserved 1048576K
Event: 0.401 GC heap after
Heap after GC invocations=14 (full 5):
 PSYoungGen      total 111104K, used 56832K [0x00000000f5900000, 0x0000000100000000, 0x0000000100000000)
  eden space 54272K, 0% used [0x00000000f5900000,0x00000000f5900000,0x00000000f8e00000)
  from space 56832K, 100% used [0x00000000f8e00000,0x00000000fc580000,0x00000000fc580000)
  to   space 56832K, 0% used [0x00000000fc880000,0x00000000fc880000,0x0000000100000000)
 ParOldGen       total 199168K, used 179203K [0x00000000e0a00000, 0x00000000ecc80000, 0x00000000f5900000)
  object space 199168K, 89% used [0x00000000e0a00000,0x00000000eb900dc0,0x00000000ecc80000)
 Metaspace       used 2675K, capacity 4494K, committed 4864K, reserved 1056768K
  class space    used 279K, capacity 386K, committed 512K, reserved 1048576K
}
Event: 0.401 GC heap before
{Heap before GC invocations=15 (full 6):
 PSYoungGen      total 111104K, used 56832K [0x00000000f5900000, 0x0000000100000000, 0x0000000100000000)
  eden space 54272K, 0% used [0x00000000f5900000,0x00000000f5900000,0x00000000f8e00000)
  from space 56832K, 100% used [0x00000000f8e00000,0x00000000fc580000,0x00000000fc580000)
  to   space 56832K, 0% used [0x00000000fc880000,0x00000000fc880000,0x0000000100000000)
 ParOldGen       total 199168K, used 179203K [0x00000000e0a00000, 0x00000000ecc80000, 0x00000000f5900000)
  object space 199168K, 89% used [0x00000000e0a00000,0x00000000eb900dc0,0x00000000ecc80000)
 Metaspace       used 2675K, capacity 4494K, committed 4864K, reserved 1056768K
  class space    used 279K, capacity 386K, committed 512K, reserved 1048576K

