# JRE version: OpenJDK Runtime Environment (8.0_151-b12) (build 1.8.0_151-8u151-b12-0ubuntu0.16.04.2-b12)
# Java VM: OpenJDK 64-Bit Server VM (25.151-b12 mixed mode linux-amd64 compressed oops)
Heap:
 PSYoungGen      total 114176K, used 55045K [0x00000000f5900000, 0x0000000100000000, 0x0000000100000000)
  eden space 57344K, 0% used [0x00000000f5900000,0x00000000f5900000,0x00000000f9100000)
  from space 56832K, 96% used [0x00000000f9100000,0x00000000fc6c1400,0x00000000fc880000)
  to   space 56832K, 0% used [0x00000000fc880000,0x00000000fc880000,0x0000000100000000)
 ParOldGen       total 195584K, used 195525K [0x00000000e0a00000, 0x00000000ec900000, 0x00000000f5900000)
  object space 195584K, 99% used [0x00000000e0a00000,0x00000000ec8f1608,0x00000000ec900000)
 Metaspace       used 2681K, capacity 4494K, committed 4864K, reserved 1056768K
  class space    used 279K, capacity 386K, committed 512K, reserved 1048576K
GC Heap History (10 events):
Event: 0.501 GC heap after
Heap after GC invocations=10 (full 4):
 PSYoungGen      total 70656K, used 30720K [0x00000000f5900000, 0x00000000fdc80000, 0x0000000100000000)
  eden space 39936K, 0% used [0x00000000f5900000,0x00000000f5900000,0x00000000f8000000)
  from space 30720K, 100% used [0x00000000fa580000,0x00000000fc380000,0x00000000fc380000)
  to   space 38400K, 0% used [0x00000000f8000000,0x00000000f8000000,0x00000000fa580000)
 ParOldGen       total 130048K, used 83196K [0x00000000e0a00000, 0x00000000e8900000, 0x00000000f5900000)
  object space 130048K, 63% used [0x00000000e0a00000,0x00000000e5b3f0a8,0x00000000e8900000)
 Metaspace       used 2681K, capacity 4494K, committed 4864K, reserved 1056768K
  class space    used 279K, capacity 386K, committed 512K, reserved 1048576K
}
Event: 0.515 GC heap before
{Heap before GC invocations=11 (full 4):
 PSYoungGen      total 70656K, used 70656K [0x00000000f5900000, 0x00000000fdc80000, 0x0000000100000000)
  eden space 39936K, 100% used [0x00000000f5900000,0x00000000f8000000,0x00000000f8000000)
  from space 30720K, 100% used [0x00000000fa580000,0x00000000fc380000,0x00000000fc380000)
  to   space 38400K, 0% used [0x00000000f8000000,0x00000000f8000000,0x00000000fa580000)
 ParOldGen       total 130048K, used 83196K [0x00000000e0a00000, 0x00000000e8900000, 0x00000000f5900000)
  object space 130048K, 63% used [0x00000000e0a00000,0x00000000e5b3f0a8,0x00000000e8900000)
 Metaspace       used 2681K, capacity 4494K, committed 4864K, reserved 1056768K
  class space    used 279K, capacity 386K, committed 512K, reserved 1048576K
Event: 0.916 GC heap after
Heap after GC invocations=11 (full 4):
 PSYoungGen      total 78336K, used 38400K [0x00000000f5900000, 0x0000000100000000, 0x0000000100000000)
  eden space 39936K, 0% used [0x00000000f5900000,0x00000000f5900000,0x00000000f8000000)
  from space 38400K, 100% used [0x00000000f8000000,0x00000000fa580000,0x00000000fa580000)
  to   space 56832K, 0% used [0x00000000fc880000,0x00000000fc880000,0x0000000100000000)
 ParOldGen       total 130048K, used 115996K [0x00000000e0a00000, 0x00000000e8900000, 0x00000000f5900000)
  object space 130048K, 89% used [0x00000000e0a00000,0x00000000e7b470a8,0x00000000e8900000)
 Metaspace       used 2681K, capacity 4494K, committed 4864K, reserved 1056768K
  class space    used 279K, capacity 386K, committed 512K, reserved 1048576K
}
Event: 0.916 GC heap before
{Heap before GC invocations=12 (full 5):
 PSYoungGen      total 78336K, used 38400K [0x00000000f5900000, 0x0000000100000000, 0x0000000100000000)
  eden space 39936K, 0% used [0x00000000f5900000,0x00000000f5900000,0x00000000f8000000)
  from space 38400K, 100% used [0x00000000f8000000,0x00000000fa580000,0x00000000fa580000)
  to   space 56832K, 0% used [0x00000000fc880000,0x00000000fc880000,0x0000000100000000)
 ParOldGen       total 130048K, used 115996K [0x00000000e0a00000, 0x00000000e8900000, 0x00000000f5900000)
  object space 130048K, 89% used [0x00000000e0a00000,0x00000000e7b470a8,0x00000000e8900000)
 Metaspace       used 2681K, capacity 4494K, committed 4864K, reserved 1056768K
  class space    used 279K, capacity 386K, committed 512K, reserved 1048576K
Event: 1.003 GC heap after
Heap after GC invocations=12 (full 5):
 PSYoungGen      total 78336K, used 23735K [0x00000000f5900000, 0x0000000100000000, 0x0000000100000000)
  eden space 39936K, 0% used [0x00000000f5900000,0x00000000f5900000,0x00000000f8000000)
  from space 38400K, 61% used [0x00000000f8000000,0x00000000f972dc00,0x00000000fa580000)
  to   space 56832K, 0% used [0x00000000fc880000,0x00000000fc880000,0x0000000100000000)
 ParOldGen       total 189952K, used 129632K [0x00000000e0a00000, 0x00000000ec380000, 0x00000000f5900000)
  object space 189952K, 68% used [0x00000000e0a00000,0x00000000e88981e8,0x00000000ec380000)
 Metaspace       used 2681K, capacity 4494K, committed 4864K, reserved 1056768K
  class space    used 279K, capacity 386K, committed 512K, reserved 1048576K
}
Event: 1.009 GC heap before
{Heap before GC invocations=13 (full 5):
 PSYoungGen      total 78336K, used 63671K [0x00000000f5900000, 0x0000000100000000, 0x0000000100000000)
  eden space 39936K, 100% used [0x00000000f5900000,0x00000000f8000000,0x00000000f8000000)
  from space 38400K, 61% used [0x00000000f8000000,0x00000000f972dc00,0x00000000fa580000)
  to   space 56832K, 0% used [0x00000000fc880000,0x00000000fc880000,0x0000000100000000)
 ParOldGen       total 189952K, used 129632K [0x00000000e0a00000, 0x00000000ec380000, 0x00000000f5900000)
  object space 189952K, 68% used [0x00000000e0a00000,0x00000000e88981e8,0x00000000ec380000)
 Metaspace       used 2681K, capacity 4494K, committed 4864K, reserved 1056768K
  class space    used 279K, capacity 386K, committed 512K, reserved 1048576K
Event: 1.145 GC heap after
Heap after GC invocations=13 (full 5):
 PSYoungGen      total 114176K, used 56832K [0x00000000f5900000, 0x0000000100000000, 0x0000000100000000)
  eden space 57344K, 0% used [0x00000000f5900000,0x00000000f5900000,0x00000000f9100000)
  from space 56832K, 100% used [0x00000000fc880000,0x0000000100000000,0x0000000100000000)
  to   space 56832K, 0% used [0x00000000f9100000,0x00000000f9100000,0x00000000fc880000)
 ParOldGen       total 189952K, used 137344K [0x00000000e0a00000, 0x00000000ec380000, 0x00000000f5900000)
  object space 189952K, 72% used [0x00000000e0a00000,0x00000000e90201e8,0x00000000ec380000)
 Metaspace       used 2681K, capacity 4494K, committed 4864K, reserved 1056768K
  class space    used 279K, capacity 386K, committed 512K, reserved 1048576K
}
Event: 1.152 GC heap before
{Heap before GC invocations=14 (full 5):
 PSYoungGen      total 114176K, used 114176K [0x00000000f5900000, 0x0000000100000000, 0x0000000100000000)
  eden space 57344K, 100% used [0x00000000f5900000,0x00000000f9100000,0x00000000f9100000)
  from space 56832K, 100% used [0x00000000fc880000,0x0000000100000000,0x0000000100000000)
  to   space 56832K, 0% used [0x00000000f9100000,0x00000000f9100000,0x00000000fc880000)
 ParOldGen       total 189952K, used 137344K [0x00000000e0a00000, 0x00000000ec380000, 0x00000000f5900000)
  object space 189952K, 72% used [0x00000000e0a00000,0x00000000e90201e8,0x00000000ec380000)
 Metaspace       used 2681K, capacity 4494K, committed 4864K, reserved 1056768K
  class space    used 279K, capacity 386K, committed 512K, reserved 1048576K
Event: 1.340 GC heap after
Heap after GC invocations=14 (full 5):
 PSYoungGen      total 114176K, used 56832K [0x00000000f5900000, 0x0000000100000000, 0x0000000100000000)
  eden space 57344K, 0% used [0x00000000f5900000,0x00000000f5900000,0x00000000f9100000)
  from space 56832K, 100% used [0x00000000f9100000,0x00000000fc880000,0x00000000fc880000)
  to   space 56832K, 0% used [0x00000000fc880000,0x00000000fc880000,0x0000000100000000)
 ParOldGen       total 195584K, used 195424K [0x00000000e0a00000, 0x00000000ec900000, 0x00000000f5900000)
  object space 195584K, 99% used [0x00000000e0a00000,0x00000000ec8d81e8,0x00000000ec900000)
 Metaspace       used 2681K, capacity 4494K, committed 4864K, reserved 1056768K
  class space    used 279K, capacity 386K, committed 512K, reserved 1048576K
}
Event: 1.341 GC heap before
{Heap before GC invocations=15 (full 6):
 PSYoungGen      total 114176K, used 56832K [0x00000000f5900000, 0x0000000100000000, 0x0000000100000000)
  eden space 57344K, 0% used [0x00000000f5900000,0x00000000f5900000,0x00000000f9100000)
  from space 56832K, 100% used [0x00000000f9100000,0x00000000fc880000,0x00000000fc880000)
  to   space 56832K, 0% used [0x00000000fc880000,0x00000000fc880000,0x0000000100000000)
 ParOldGen       total 195584K, used 195424K [0x00000000e0a00000, 0x00000000ec900000, 0x00000000f5900000)
  object space 195584K, 99% used [0x00000000e0a00000,0x00000000ec8d81e8,0x00000000ec900000)
 Metaspace       used 2681K, capacity 4494K, committed 4864K, reserved 1056768K
  class space    used 279K, capacity 386K, committed 512K, reserved 1048576K

