# JRE version: OpenJDK Runtime Environment (8.0_151-b12) (build 1.8.0_151-8u151-b12-0ubuntu0.16.04.2-b12)
# Java VM: OpenJDK 64-Bit Server VM (25.151-b12 mixed mode linux-amd64 compressed oops)
Heap:
 PSYoungGen      total 111616K, used 26765K [0x00000000f5900000, 0x0000000100000000, 0x0000000100000000)
  eden space 54784K, 0% used [0x00000000f5900000,0x00000000f5900000,0x00000000f8e80000)
  from space 56832K, 47% used [0x00000000f8e80000,0x00000000fa8a3400,0x00000000fc600000)
  to   space 56832K, 0% used [0x00000000fc880000,0x00000000fc880000,0x0000000100000000)
 ParOldGen       total 205824K, used 205407K [0x00000000e0a00000, 0x00000000ed300000, 0x00000000f5900000)
  object space 205824K, 99% used [0x00000000e0a00000,0x00000000ed297ee8,0x00000000ed300000)
 Metaspace       used 2675K, capacity 4494K, committed 4864K, reserved 1056768K
  class space    used 279K, capacity 386K, committed 512K, reserved 1048576K
GC Heap History (10 events):
Event: 0.280 GC heap after
Heap after GC invocations=10 (full 4):
 PSYoungGen      total 64000K, used 29696K [0x00000000f5900000, 0x00000000fcc00000, 0x0000000100000000)
  eden space 34304K, 0% used [0x00000000f5900000,0x00000000f5900000,0x00000000f7a80000)
  from space 29696K, 100% used [0x00000000f9d80000,0x00000000fba80000,0x00000000fba80000)
  to   space 35840K, 0% used [0x00000000f7a80000,0x00000000f7a80000,0x00000000f9d80000)
 ParOldGen       total 136704K, used 79567K [0x00000000e0a00000, 0x00000000e8f80000, 0x00000000f5900000)
  object space 136704K, 58% used [0x00000000e0a00000,0x00000000e57b3d58,0x00000000e8f80000)
 Metaspace       used 2675K, capacity 4494K, committed 4864K, reserved 1056768K
  class space    used 279K, capacity 386K, committed 512K, reserved 1048576K
}
Event: 0.283 GC heap before
{Heap before GC invocations=11 (full 4):
 PSYoungGen      total 64000K, used 64000K [0x00000000f5900000, 0x00000000fcc00000, 0x0000000100000000)
  eden space 34304K, 100% used [0x00000000f5900000,0x00000000f7a80000,0x00000000f7a80000)
  from space 29696K, 100% used [0x00000000f9d80000,0x00000000fba80000,0x00000000fba80000)
  to   space 35840K, 0% used [0x00000000f7a80000,0x00000000f7a80000,0x00000000f9d80000)
 ParOldGen       total 136704K, used 79567K [0x00000000e0a00000, 0x00000000e8f80000, 0x00000000f5900000)
  object space 136704K, 58% used [0x00000000e0a00000,0x00000000e57b3d58,0x00000000e8f80000)
 Metaspace       used 2675K, capacity 4494K, committed 4864K, reserved 1056768K
  class space    used 279K, capacity 386K, committed 512K, reserved 1048576K
Event: 0.364 GC heap after
Heap after GC invocations=11 (full 4):
 PSYoungGen      total 70144K, used 35840K [0x00000000f5900000, 0x00000000ffd00000, 0x0000000100000000)
  eden space 34304K, 0% used [0x00000000f5900000,0x00000000f5900000,0x00000000f7a80000)
  from space 35840K, 100% used [0x00000000f7a80000,0x00000000f9d80000,0x00000000f9d80000)
  to   space 56320K, 0% used [0x00000000fc600000,0x00000000fc600000,0x00000000ffd00000)
 ParOldGen       total 136704K, used 108199K [0x00000000e0a00000, 0x00000000e8f80000, 0x00000000f5900000)
  object space 136704K, 79% used [0x00000000e0a00000,0x00000000e73a9d58,0x00000000e8f80000)
 Metaspace       used 2675K, capacity 4494K, committed 4864K, reserved 1056768K
  class space    used 279K, capacity 386K, committed 512K, reserved 1048576K
}
Event: 0.364 GC heap before
{Heap before GC invocations=12 (full 5):
 PSYoungGen      total 70144K, used 35840K [0x00000000f5900000, 0x00000000ffd00000, 0x0000000100000000)
  eden space 34304K, 0% used [0x00000000f5900000,0x00000000f5900000,0x00000000f7a80000)
  from space 35840K, 100% used [0x00000000f7a80000,0x00000000f9d80000,0x00000000f9d80000)
  to   space 56320K, 0% used [0x00000000fc600000,0x00000000fc600000,0x00000000ffd00000)
 ParOldGen       total 136704K, used 108199K [0x00000000e0a00000, 0x00000000e8f80000, 0x00000000f5900000)
  object space 136704K, 79% used [0x00000000e0a00000,0x00000000e73a9d58,0x00000000e8f80000)
 Metaspace       used 2675K, capacity 4494K, committed 4864K, reserved 1056768K
  class space    used 279K, capacity 386K, committed 512K, reserved 1048576K
Event: 0.408 GC heap after
Heap after GC invocations=12 (full 5):
 PSYoungGen      total 70144K, used 6565K [0x00000000f5900000, 0x00000000ffd00000, 0x0000000100000000)
  eden space 34304K, 0% used [0x00000000f5900000,0x00000000f5900000,0x00000000f7a80000)
  from space 35840K, 18% used [0x00000000f7a80000,0x00000000f80e9400,0x00000000f9d80000)
  to   space 56320K, 0% used [0x00000000fc600000,0x00000000fc600000,0x00000000ffd00000)
 ParOldGen       total 205824K, used 136560K [0x00000000e0a00000, 0x00000000ed300000, 0x00000000f5900000)
  object space 205824K, 66% used [0x00000000e0a00000,0x00000000e8f5c1c8,0x00000000ed300000)
 Metaspace       used 2675K, capacity 4494K, committed 4864K, reserved 1056768K
  class space    used 279K, capacity 386K, committed 512K, reserved 1048576K
}
Event: 0.412 GC heap before
{Heap before GC invocations=13 (full 5):
 PSYoungGen      total 70144K, used 40869K [0x00000000f5900000, 0x00000000ffd00000, 0x0000000100000000)
  eden space 34304K, 100% used [0x00000000f5900000,0x00000000f7a80000,0x00000000f7a80000)
  from space 35840K, 18% used [0x00000000f7a80000,0x00000000f80e9400,0x00000000f9d80000)
  to   space 56320K, 0% used [0x00000000fc600000,0x00000000fc600000,0x00000000ffd00000)
 ParOldGen       total 205824K, used 136560K [0x00000000e0a00000, 0x00000000ed300000, 0x00000000f5900000)
  object space 205824K, 66% used [0x00000000e0a00000,0x00000000e8f5c1c8,0x00000000ed300000)
 Metaspace       used 2675K, capacity 4494K, committed 4864K, reserved 1056768K
  class space    used 279K, capacity 386K, committed 512K, reserved 1048576K
Event: 0.450 GC heap after
Heap after GC invocations=13 (full 5):
 PSYoungGen      total 111104K, used 41472K [0x00000000f5900000, 0x00000000ffe00000, 0x0000000100000000)
  eden space 54784K, 0% used [0x00000000f5900000,0x00000000f5900000,0x00000000f8e80000)
  from space 56320K, 73% used [0x00000000fc600000,0x00000000fee80000,0x00000000ffd00000)
  to   space 56832K, 0% used [0x00000000f8e80000,0x00000000f8e80000,0x00000000fc600000)
 ParOldGen       total 205824K, used 136560K [0x00000000e0a00000, 0x00000000ed300000, 0x00000000f5900000)
  object space 205824K, 66% used [0x00000000e0a00000,0x00000000e8f5c1c8,0x00000000ed300000)
 Metaspace       used 2675K, capacity 4494K, committed 4864K, reserved 1056768K
  class space    used 279K, capacity 386K, committed 512K, reserved 1048576K
}
Event: 0.456 GC heap before
{Heap before GC invocations=14 (full 5):
 PSYoungGen      total 111104K, used 96256K [0x00000000f5900000, 0x00000000ffe00000, 0x0000000100000000)
  eden space 54784K, 100% used [0x00000000f5900000,0x00000000f8e80000,0x00000000f8e80000)
  from space 56320K, 73% used [0x00000000fc600000,0x00000000fee80000,0x00000000ffd00000)
  to   space 56832K, 0% used [0x00000000f8e80000,0x00000000f8e80000,0x00000000fc600000)
 ParOldGen       total 205824K, used 136560K [0x00000000e0a00000, 0x00000000ed300000, 0x00000000f5900000)
  object space 205824K, 66% used [0x00000000e0a00000,0x00000000e8f5c1c8,0x00000000ed300000)
 Metaspace       used 2675K, capacity 4494K, committed 4864K, reserved 1056768K
  class space    used 279K, capacity 386K, committed 512K, reserved 1048576K
Event: 0.503 GC heap after
Heap after GC invocations=14 (full 5):
 PSYoungGen      total 111616K, used 56832K [0x00000000f5900000, 0x0000000100000000, 0x0000000100000000)
  eden space 54784K, 0% used [0x00000000f5900000,0x00000000f5900000,0x00000000f8e80000)
  from space 56832K, 100% used [0x00000000f8e80000,0x00000000fc600000,0x00000000fc600000)
  to   space 56832K, 0% used [0x00000000fc880000,0x00000000fc880000,0x0000000100000000)
 ParOldGen       total 205824K, used 176672K [0x00000000e0a00000, 0x00000000ed300000, 0x00000000f5900000)
  object space 205824K, 85% used [0x00000000e0a00000,0x00000000eb6881c8,0x00000000ed300000)
 Metaspace       used 2675K, capacity 4494K, committed 4864K, reserved 1056768K
  class space    used 279K, capacity 386K, committed 512K, reserved 1048576K
}
Event: 0.503 GC heap before
{Heap before GC invocations=15 (full 6):
 PSYoungGen      total 111616K, used 56832K [0x00000000f5900000, 0x0000000100000000, 0x0000000100000000)
  eden space 54784K, 0% used [0x00000000f5900000,0x00000000f5900000,0x00000000f8e80000)
  from space 56832K, 100% used [0x00000000f8e80000,0x00000000fc600000,0x00000000fc600000)
  to   space 56832K, 0% used [0x00000000fc880000,0x00000000fc880000,0x0000000100000000)
 ParOldGen       total 205824K, used 176672K [0x00000000e0a00000, 0x00000000ed300000, 0x00000000f5900000)
  object space 205824K, 85% used [0x00000000e0a00000,0x00000000eb6881c8,0x00000000ed300000)
 Metaspace       used 2675K, capacity 4494K, committed 4864K, reserved 1056768K
  class space    used 279K, capacity 386K, committed 512K, reserved 1048576K

