# JRE version: OpenJDK Runtime Environment (8.0_151-b12) (build 1.8.0_151-8u151-b12-0ubuntu0.16.04.2-b12)
# Java VM: OpenJDK 64-Bit Server VM (25.151-b12 mixed mode linux-amd64 compressed oops)
Heap:
 PSYoungGen      total 112640K, used 40905K [0x00000000f5900000, 0x0000000100000000, 0x0000000100000000)
  eden space 55808K, 0% used [0x00000000f5900000,0x00000000f5900000,0x00000000f8f80000)
  from space 56832K, 71% used [0x00000000f8f80000,0x00000000fb772400,0x00000000fc700000)
  to   space 56832K, 0% used [0x00000000fc880000,0x00000000fc880000,0x0000000100000000)
 ParOldGen       total 197120K, used 196866K [0x00000000e0a00000, 0x00000000eca80000, 0x00000000f5900000)
  object space 197120K, 99% used [0x00000000e0a00000,0x00000000eca40ba8,0x00000000eca80000)
 Metaspace       used 2681K, capacity 4494K, committed 4864K, reserved 1056768K
  class space    used 279K, capacity 386K, committed 512K, reserved 1048576K
GC Heap History (10 events):
Event: 0.250 GC heap after
Heap after GC invocations=10 (full 4):
 PSYoungGen      total 65024K, used 30208K [0x00000000f5900000, 0x00000000fd500000, 0x0000000100000000)
  eden space 34816K, 0% used [0x00000000f5900000,0x00000000f5900000,0x00000000f7b00000)
  from space 30208K, 100% used [0x00000000fa000000,0x00000000fbd80000,0x00000000fbd80000)
  to   space 37888K, 0% used [0x00000000f7b00000,0x00000000f7b00000,0x00000000fa000000)
 ParOldGen       total 133120K, used 82695K [0x00000000e0a00000, 0x00000000e8c00000, 0x00000000f5900000)
  object space 133120K, 62% used [0x00000000e0a00000,0x00000000e5ac1c58,0x00000000e8c00000)
 Metaspace       used 2681K, capacity 4494K, committed 4864K, reserved 1056768K
  class space    used 279K, capacity 386K, committed 512K, reserved 1048576K
}
Event: 0.253 GC heap before
{Heap before GC invocations=11 (full 4):
 PSYoungGen      total 65024K, used 65024K [0x00000000f5900000, 0x00000000fd500000, 0x0000000100000000)
  eden space 34816K, 100% used [0x00000000f5900000,0x00000000f7b00000,0x00000000f7b00000)
  from space 30208K, 100% used [0x00000000fa000000,0x00000000fbd80000,0x00000000fbd80000)
  to   space 37888K, 0% used [0x00000000f7b00000,0x00000000f7b00000,0x00000000fa000000)
 ParOldGen       total 133120K, used 82695K [0x00000000e0a00000, 0x00000000e8c00000, 0x00000000f5900000)
  object space 133120K, 62% used [0x00000000e0a00000,0x00000000e5ac1c58,0x00000000e8c00000)
 Metaspace       used 2681K, capacity 4494K, committed 4864K, reserved 1056768K
  class space    used 279K, capacity 386K, committed 512K, reserved 1048576K
Event: 0.270 GC heap after
Heap after GC invocations=11 (full 4):
 PSYoungGen      total 72704K, used 37888K [0x00000000f5900000, 0x00000000ffe80000, 0x0000000100000000)
  eden space 34816K, 0% used [0x00000000f5900000,0x00000000f5900000,0x00000000f7b00000)
  from space 37888K, 100% used [0x00000000f7b00000,0x00000000fa000000,0x00000000fa000000)
  to   space 56832K, 0% used [0x00000000fc700000,0x00000000fc700000,0x00000000ffe80000)
 ParOldGen       total 133120K, used 110263K [0x00000000e0a00000, 0x00000000e8c00000, 0x00000000f5900000)
  object space 133120K, 82% used [0x00000000e0a00000,0x00000000e75adc58,0x00000000e8c00000)
 Metaspace       used 2681K, capacity 4494K, committed 4864K, reserved 1056768K
  class space    used 279K, capacity 386K, committed 512K, reserved 1048576K
}
Event: 0.270 GC heap before
{Heap before GC invocations=12 (full 5):
 PSYoungGen      total 72704K, used 37888K [0x00000000f5900000, 0x00000000ffe80000, 0x0000000100000000)
  eden space 34816K, 0% used [0x00000000f5900000,0x00000000f5900000,0x00000000f7b00000)
  from space 37888K, 100% used [0x00000000f7b00000,0x00000000fa000000,0x00000000fa000000)
  to   space 56832K, 0% used [0x00000000fc700000,0x00000000fc700000,0x00000000ffe80000)
 ParOldGen       total 133120K, used 110263K [0x00000000e0a00000, 0x00000000e8c00000, 0x00000000f5900000)
  object space 133120K, 82% used [0x00000000e0a00000,0x00000000e75adc58,0x00000000e8c00000)
 Metaspace       used 2681K, capacity 4494K, committed 4864K, reserved 1056768K
  class space    used 279K, capacity 386K, committed 512K, reserved 1048576K
Event: 0.290 GC heap after
Heap after GC invocations=12 (full 5):
 PSYoungGen      total 72704K, used 14140K [0x00000000f5900000, 0x00000000ffe80000, 0x0000000100000000)
  eden space 34816K, 0% used [0x00000000f5900000,0x00000000f5900000,0x00000000f7b00000)
  from space 37888K, 37% used [0x00000000f7b00000,0x00000000f88cf000,0x00000000fa000000)
  to   space 56832K, 0% used [0x00000000fc700000,0x00000000fc700000,0x00000000ffe80000)
 ParOldGen       total 197120K, used 133045K [0x00000000e0a00000, 0x00000000eca80000, 0x00000000f5900000)
  object space 197120K, 67% used [0x00000000e0a00000,0x00000000e8bed7d8,0x00000000eca80000)
 Metaspace       used 2681K, capacity 4494K, committed 4864K, reserved 1056768K
  class space    used 279K, capacity 386K, committed 512K, reserved 1048576K
}
Event: 0.294 GC heap before
{Heap before GC invocations=13 (full 5):
 PSYoungGen      total 72704K, used 48956K [0x00000000f5900000, 0x00000000ffe80000, 0x0000000100000000)
  eden space 34816K, 100% used [0x00000000f5900000,0x00000000f7b00000,0x00000000f7b00000)
  from space 37888K, 37% used [0x00000000f7b00000,0x00000000f88cf000,0x00000000fa000000)
  to   space 56832K, 0% used [0x00000000fc700000,0x00000000fc700000,0x00000000ffe80000)
 ParOldGen       total 197120K, used 133045K [0x00000000e0a00000, 0x00000000eca80000, 0x00000000f5900000)
  object space 197120K, 67% used [0x00000000e0a00000,0x00000000e8bed7d8,0x00000000eca80000)
 Metaspace       used 2681K, capacity 4494K, committed 4864K, reserved 1056768K
  class space    used 279K, capacity 386K, committed 512K, reserved 1048576K
Event: 0.418 GC heap after
Heap after GC invocations=13 (full 5):
 PSYoungGen      total 112640K, used 49664K [0x00000000f5900000, 0x00000000fff80000, 0x0000000100000000)
  eden space 55808K, 0% used [0x00000000f5900000,0x00000000f5900000,0x00000000f8f80000)
  from space 56832K, 87% used [0x00000000fc700000,0x00000000ff780000,0x00000000ffe80000)
  to   space 56832K, 0% used [0x00000000f8f80000,0x00000000f8f80000,0x00000000fc700000)
 ParOldGen       total 197120K, used 133045K [0x00000000e0a00000, 0x00000000eca80000, 0x00000000f5900000)
  object space 197120K, 67% used [0x00000000e0a00000,0x00000000e8bed7d8,0x00000000eca80000)
 Metaspace       used 2681K, capacity 4494K, committed 4864K, reserved 1056768K
  class space    used 279K, capacity 386K, committed 512K, reserved 1048576K
}
Event: 0.423 GC heap before
{Heap before GC invocations=14 (full 5):
 PSYoungGen      total 112640K, used 105472K [0x00000000f5900000, 0x00000000fff80000, 0x0000000100000000)
  eden space 55808K, 100% used [0x00000000f5900000,0x00000000f8f80000,0x00000000f8f80000)
  from space 56832K, 87% used [0x00000000fc700000,0x00000000ff780000,0x00000000ffe80000)
  to   space 56832K, 0% used [0x00000000f8f80000,0x00000000f8f80000,0x00000000fc700000)
 ParOldGen       total 197120K, used 133045K [0x00000000e0a00000, 0x00000000eca80000, 0x00000000f5900000)
  object space 197120K, 67% used [0x00000000e0a00000,0x00000000e8bed7d8,0x00000000eca80000)
 Metaspace       used 2681K, capacity 4494K, committed 4864K, reserved 1056768K
  class space    used 279K, capacity 386K, committed 512K, reserved 1048576K
Event: 0.473 GC heap after
Heap after GC invocations=14 (full 5):
 PSYoungGen      total 112640K, used 56832K [0x00000000f5900000, 0x0000000100000000, 0x0000000100000000)
  eden space 55808K, 0% used [0x00000000f5900000,0x00000000f5900000,0x00000000f8f80000)
  from space 56832K, 100% used [0x00000000f8f80000,0x00000000fc700000,0x00000000fc700000)
  to   space 56832K, 0% used [0x00000000fc880000,0x00000000fc880000,0x0000000100000000)
 ParOldGen       total 197120K, used 182397K [0x00000000e0a00000, 0x00000000eca80000, 0x00000000f5900000)
  object space 197120K, 92% used [0x00000000e0a00000,0x00000000ebc1f7d8,0x00000000eca80000)
 Metaspace       used 2681K, capacity 4494K, committed 4864K, reserved 1056768K
  class space    used 279K, capacity 386K, committed 512K, reserved 1048576K
}
Event: 0.474 GC heap before
{Heap before GC invocations=15 (full 6):
 PSYoungGen      total 112640K, used 56832K [0x00000000f5900000, 0x0000000100000000, 0x0000000100000000)
  eden space 55808K, 0% used [0x00000000f5900000,0x00000000f5900000,0x00000000f8f80000)
  from space 56832K, 100% used [0x00000000f8f80000,0x00000000fc700000,0x00000000fc700000)
  to   space 56832K, 0% used [0x00000000fc880000,0x00000000fc880000,0x0000000100000000)
 ParOldGen       total 197120K, used 182397K [0x00000000e0a00000, 0x00000000eca80000, 0x00000000f5900000)
  object space 197120K, 92% used [0x00000000e0a00000,0x00000000ebc1f7d8,0x00000000eca80000)
 Metaspace       used 2681K, capacity 4494K, committed 4864K, reserved 1056768K
  class space    used 279K, capacity 386K, committed 512K, reserved 1048576K

