# JRE version: OpenJDK Runtime Environment (8.0_151-b12) (build 1.8.0_151-8u151-b12-0ubuntu0.16.04.2-b12)
# Java VM: OpenJDK 64-Bit Server VM (25.151-b12 mixed mode linux-amd64 compressed oops)
Heap:
 PSYoungGen      total 35840K, used 29246K [0x00000000f5900000, 0x00000000f8c80000, 0x0000000100000000)
  eden space 34816K, 84% used [0x00000000f5900000,0x00000000f758f9e0,0x00000000f7b00000)
  from space 1024K, 0% used [0x00000000f7b00000,0x00000000f7b00000,0x00000000f7c00000)
  to   space 1024K, 0% used [0x00000000f8b80000,0x00000000f8b80000,0x00000000f8c80000)
 ParOldGen       total 217600K, used 187818K [0x00000000e0a00000, 0x00000000ede80000, 0x00000000f5900000)
  object space 217600K, 86% used [0x00000000e0a00000,0x00000000ec16aa90,0x00000000ede80000)
 Metaspace       used 2723K, capacity 4566K, committed 4864K, reserved 1056768K
  class space    used 287K, capacity 390K, committed 512K, reserved 1048576K
GC Heap History (10 events):
Event: 0.159 GC heap before
{Heap before GC invocations=2 (full 0):
 PSYoungGen      total 9728K, used 9328K [0x00000000f5900000, 0x00000000f6c00000, 0x0000000100000000)
  eden space 8704K, 100% used [0x00000000f5900000,0x00000000f6180000,0x00000000f6180000)
  from space 1024K, 60% used [0x00000000f6180000,0x00000000f621c010,0x00000000f6280000)
  to   space 1024K, 0% used [0x00000000f6b00000,0x00000000f6b00000,0x00000000f6c00000)
 ParOldGen       total 22016K, used 1414K [0x00000000e0a00000, 0x00000000e1f80000, 0x00000000f5900000)
  object space 22016K, 6% used [0x00000000e0a00000,0x00000000e0b61b58,0x00000000e1f80000)
 Metaspace       used 2723K, capacity 4566K, committed 4864K, reserved 1056768K
  class space    used 287K, capacity 390K, committed 512K, reserved 1048576K
Event: 0.166 GC heap after
Heap after GC invocations=2 (full 0):
 PSYoungGen      total 18432K, used 608K [0x00000000f5900000, 0x00000000f6c00000, 0x0000000100000000)
  eden space 17408K, 0% used [0x00000000f5900000,0x00000000f5900000,0x00000000f6a00000)
  from space 1024K, 59% used [0x00000000f6b00000,0x00000000f6b98020,0x00000000f6c00000)
  to   space 1024K, 0% used [0x00000000f6a00000,0x00000000f6a00000,0x00000000f6b00000)
 ParOldGen       total 22016K, used 4580K [0x00000000e0a00000, 0x00000000e1f80000, 0x00000000f5900000)
  object space 22016K, 20% used [0x00000000e0a00000,0x00000000e0e790c0,0x00000000e1f80000)
 Metaspace       used 2723K, capacity 4566K, committed 4864K, reserved 1056768K
  class space    used 287K, capacity 390K, committed 512K, reserved 1048576K
}
Event: 0.263 GC heap before
{Heap before GC invocations=3 (full 0):
 PSYoungGen      total 18432K, used 18016K [0x00000000f5900000, 0x00000000f6c00000, 0x0000000100000000)
  eden space 17408K, 100% used [0x00000000f5900000,0x00000000f6a00000,0x00000000f6a00000)
  from space 1024K, 59% used [0x00000000f6b00000,0x00000000f6b98020,0x00000000f6c00000)
  to   space 1024K, 0% used [0x00000000f6a00000,0x00000000f6a00000,0x00000000f6b00000)
 ParOldGen       total 22016K, used 15263K [0x00000000e0a00000, 0x00000000e1f80000, 0x00000000f5900000)
  object space 22016K, 69% used [0x00000000e0a00000,0x00000000e18e7cc8,0x00000000e1f80000)
 Metaspace       used 2723K, capacity 4566K, committed 4864K, reserved 1056768K
  class space    used 287K, capacity 390K, committed 512K, reserved 1048576K
Event: 0.300 GC heap after
Heap after GC invocations=3 (full 0):
 PSYoungGen      total 18432K, used 560K [0x00000000f5900000, 0x00000000f7d00000, 0x0000000100000000)
  eden space 17408K, 0% used [0x00000000f5900000,0x00000000f5900000,0x00000000f6a00000)
  from space 1024K, 54% used [0x00000000f6a00000,0x00000000f6a8c010,0x00000000f6b00000)
  to   space 1024K, 0% used [0x00000000f7c00000,0x00000000f7c00000,0x00000000f7d00000)
 ParOldGen       total 22016K, used 15263K [0x00000000e0a00000, 0x00000000e1f80000, 0x00000000f5900000)
  object space 22016K, 69% used [0x00000000e0a00000,0x00000000e18e7cc8,0x00000000e1f80000)
 Metaspace       used 2723K, capacity 4566K, committed 4864K, reserved 1056768K
  class space    used 287K, capacity 390K, committed 512K, reserved 1048576K
}
Event: 0.312 GC heap before
{Heap before GC invocations=4 (full 0):
 PSYoungGen      total 18432K, used 17968K [0x00000000f5900000, 0x00000000f7d00000, 0x0000000100000000)
  eden space 17408K, 100% used [0x00000000f5900000,0x00000000f6a00000,0x00000000f6a00000)
  from space 1024K, 54% used [0x00000000f6a00000,0x00000000f6a8c010,0x00000000f6b00000)
  to   space 1024K, 0% used [0x00000000f7c00000,0x00000000f7c00000,0x00000000f7d00000)
 ParOldGen       total 22016K, used 15263K [0x00000000e0a00000, 0x00000000e1f80000, 0x00000000f5900000)
  object space 22016K, 69% used [0x00000000e0a00000,0x00000000e18e7cc8,0x00000000e1f80000)
 Metaspace       used 2723K, capacity 4566K, committed 4864K, reserved 1056768K
  class space    used 287K, capacity 390K, committed 512K, reserved 1048576K
Event: 0.373 GC heap after
Heap after GC invocations=4 (full 0):
 PSYoungGen      total 35840K, used 576K [0x00000000f5900000, 0x00000000f7d00000, 0x0000000100000000)
  eden space 34816K, 0% used [0x00000000f5900000,0x00000000f5900000,0x00000000f7b00000)
  from space 1024K, 56% used [0x00000000f7c00000,0x00000000f7c90020,0x00000000f7d00000)
  to   space 1024K, 0% used [0x00000000f7b00000,0x00000000f7b00000,0x00000000f7c00000)
 ParOldGen       total 38400K, used 31287K [0x00000000e0a00000, 0x00000000e2f80000, 0x00000000f5900000)
  object space 38400K, 81% used [0x00000000e0a00000,0x00000000e288dec8,0x00000000e2f80000)
 Metaspace       used 2723K, capacity 4566K, committed 4864K, reserved 1056768K
  class space    used 287K, capacity 390K, committed 512K, reserved 1048576K
}
Event: 0.373 GC heap before
{Heap before GC invocations=5 (full 1):
 PSYoungGen      total 35840K, used 576K [0x00000000f5900000, 0x00000000f7d00000, 0x0000000100000000)
  eden space 34816K, 0% used [0x00000000f5900000,0x00000000f5900000,0x00000000f7b00000)
  from space 1024K, 56% used [0x00000000f7c00000,0x00000000f7c90020,0x00000000f7d00000)
  to   space 1024K, 0% used [0x00000000f7b00000,0x00000000f7b00000,0x00000000f7c00000)
 ParOldGen       total 38400K, used 31287K [0x00000000e0a00000, 0x00000000e2f80000, 0x00000000f5900000)
  object space 38400K, 81% used [0x00000000e0a00000,0x00000000e288dec8,0x00000000e2f80000)
 Metaspace       used 2723K, capacity 4566K, committed 4864K, reserved 1056768K
  class space    used 287K, capacity 390K, committed 512K, reserved 1048576K
Event: 0.553 GC heap after
Heap after GC invocations=5 (full 1):
 PSYoungGen      total 35840K, used 0K [0x00000000f5900000, 0x00000000f7d00000, 0x0000000100000000)
  eden space 34816K, 0% used [0x00000000f5900000,0x00000000f5900000,0x00000000f7b00000)
  from space 1024K, 0% used [0x00000000f7c00000,0x00000000f7c00000,0x00000000f7d00000)
  to   space 1024K, 0% used [0x00000000f7b00000,0x00000000f7b00000,0x00000000f7c00000)
 ParOldGen       total 45568K, used 16556K [0x00000000e0a00000, 0x00000000e3680000, 0x00000000f5900000)
  object space 45568K, 36% used [0x00000000e0a00000,0x00000000e1a2b3e0,0x00000000e3680000)
 Metaspace       used 2723K, capacity 4566K, committed 4864K, reserved 1056768K
  class space    used 287K, capacity 390K, committed 512K, reserved 1048576K
}
Event: 0.681 GC heap before
{Heap before GC invocations=6 (full 1):
 PSYoungGen      total 35840K, used 34816K [0x00000000f5900000, 0x00000000f7d00000, 0x0000000100000000)
  eden space 34816K, 100% used [0x00000000f5900000,0x00000000f7b00000,0x00000000f7b00000)
  from space 1024K, 0% used [0x00000000f7c00000,0x00000000f7c00000,0x00000000f7d00000)
  to   space 1024K, 0% used [0x00000000f7b00000,0x00000000f7b00000,0x00000000f7c00000)
 ParOldGen       total 81920K, used 52612K [0x00000000e0a00000, 0x00000000e5a00000, 0x00000000f5900000)
  object space 81920K, 64% used [0x00000000e0a00000,0x00000000e3d61040,0x00000000e5a00000)
 Metaspace       used 2723K, capacity 4566K, committed 4864K, reserved 1056768K
  class space    used 287K, capacity 390K, committed 512K, reserved 1048576K
Event: 0.692 GC heap after
Heap after GC invocations=6 (full 1):
 PSYoungGen      total 35840K, used 0K [0x00000000f5900000, 0x00000000f8c80000, 0x0000000100000000)
  eden space 34816K, 0% used [0x00000000f5900000,0x00000000f5900000,0x00000000f7b00000)
  from space 1024K, 0% used [0x00000000f7b00000,0x00000000f7b00000,0x00000000f7c00000)
  to   space 1024K, 0% used [0x00000000f8b80000,0x00000000f8b80000,0x00000000f8c80000)
 ParOldGen       total 81920K, used 52612K [0x00000000e0a00000, 0x00000000e5a00000, 0x00000000f5900000)
  object space 81920K, 64% used [0x00000000e0a00000,0x00000000e3d61040,0x00000000e5a00000)
 Metaspace       used 2723K, capacity 4566K, committed 4864K, reserved 1056768K
  class space    used 287K, capacity 390K, committed 512K, reserved 1048576K
}

